cl : command line warning D9002: ignoring unknown option '-std=c++11'
  cluster.cpp
C:\Program Files\PCL 1.11.1\3rdParty\Boost\include\boost-1_74\boost/function_output_iterator.hpp(14): message : This header is deprecated. Use <boost/iterator/function_output_iterator.hpp> instead.
C:\Program Files\PCL 1.11.1\include\pcl-1.11\pcl/visualization/point_cloud_color_handlers.h(611,11): warning C4996: 'pcl::visualization::PointCloudColorHandler<pcl::PCLPointCloud2>::getColor': use getColor() without parameters instead (It will be removed in PCL 1.12)
C:\Program Files\PCL 1.11.1\include\pcl-1.11\pcl/visualization/point_cloud_color_handlers.h(109,11): warning C4996: 'pcl::visualization::PointCloudColorHandler<PointT>::getColor': use getColor() without parameters instead (It will be removed in PCL 1.12)
          with
          [
              PointT=pcl::PointXYZL
          ]
C:\Program Files\PCL 1.11.1\include\pcl-1.11\pcl/visualization/point_cloud_color_handlers.h(107): message : while compiling class template member function 'vtkSmartPointer<vtkDataArray> pcl::visualization::PointCloudColorHandler<PointT>::getColor(void) const'
          with
          [
              PointT=pcl::PointXYZL
          ]
C:\Program Files\PCL 1.11.1\include\pcl-1.11\pcl/visualization/point_cloud_color_handlers.h(120): message : see reference to function template instantiation 'vtkSmartPointer<vtkDataArray> pcl::visualization::PointCloudColorHandler<PointT>::getColor(void) const' being compiled
          with
          [
              PointT=pcl::PointXYZL
          ]
C:\Program Files\PCL 1.11.1\include\pcl-1.11\pcl/visualization/point_cloud_color_handlers.h(506): message : see reference to class template instantiation 'pcl::visualization::PointCloudColorHandler<PointT>' being compiled
          with
          [
              PointT=pcl::PointXYZL
          ]
C:\Program Files\PCL 1.11.1\include\pcl-1.11\pcl/visualization/pcl_visualizer.h(906): message : see reference to class template instantiation 'pcl::visualization::PointCloudColorHandlerLabelField<pcl::PointXYZL>' being compiled
  quizCluster.vcxproj -> C:\Users\Admin\source\repos\Project1_ Lidar\src\quiz\cluster\build\Debug\quizCluster.exe
